2024-05-01T15:43:12.524+0700 INFO info message
2024-05-01T15:43:12.524+0700 ERROR info message
2024-05-01T15:43:12.602+0700 INFO info message
2024-05-01T15:43:12.602+0700 ERROR info message
2024-05-01T15:43:12.821+0700 INFO HV000001: Hibernate Validator 8.0.1.Final
2024-05-01T15:43:12.851+0700 INFO Starting Main using Java 19.0.1 with PID 19448 (E:\MyJob\calendar_api\target\classes started by Тагир in E:\MyJob\calendar_api)
2024-05-01T15:43:12.851+0700 INFO No active profile set, falling back to 1 default profile: "default"
2024-05-01T15:43:13.054+0700 INFO Devtools property defaults active! Set 'spring.devtools.add-properties' to 'false' to disable
2024-05-01T15:43:13.054+0700 INFO For additional web related logging consider setting the 'logging.level.web' property to 'DEBUG'
2024-05-01T15:43:13.506+0700 INFO Bootstrapping Spring Data JPA repositories in DEFAULT mode.
2024-05-01T15:43:13.568+0700 INFO Finished Spring Data repository scanning in 62 ms. Found 10 JPA repository interfaces.
2024-05-01T15:43:13.865+0700 INFO Tomcat initialized with port 8080 (http)
2024-05-01T15:43:13.881+0700 INFO Initializing ProtocolHandler ["http-nio-8080"]
2024-05-01T15:43:13.881+0700 INFO Starting service [Tomcat]
2024-05-01T15:43:13.881+0700 INFO Starting Servlet engine: [Apache Tomcat/10.1.18]
2024-05-01T15:43:13.912+0700 INFO Initializing Spring embedded WebApplicationContext
2024-05-01T15:43:13.912+0700 INFO Root WebApplicationContext: initialization completed in 858 ms
2024-05-01T15:43:13.928+0700 INFO HikariPool-1 - Starting...
2024-05-01T15:43:14.006+0700 INFO HikariPool-1 - Added connection conn0: url=jdbc:h2:mem:testdb user=SA
2024-05-01T15:43:14.006+0700 INFO HikariPool-1 - Start completed.
2024-05-01T15:43:14.006+0700 INFO H2 console available at '/h2-console'. Database available at 'jdbc:h2:mem:testdb'
2024-05-01T15:43:14.115+0700 INFO HHH000204: Processing PersistenceUnitInfo [name: default]
2024-05-01T15:43:14.131+0700 INFO HHH000412: Hibernate ORM core version 6.4.1.Final
2024-05-01T15:43:14.162+0700 INFO HHH000026: Second-level cache disabled
2024-05-01T15:43:14.303+0700 INFO No LoadTimeWeaver setup: ignoring JPA class transformer
2024-05-01T15:43:14.334+0700 WARN HHH90000025: H2Dialect does not need to be specified explicitly using 'hibernate.dialect' (remove the property setting and it will be selected by default)
2024-05-01T15:43:15.111+0700 INFO HHH000489: No JTA platform available (set 'hibernate.transaction.jta.platform' to enable JTA platform integration)
2024-05-01T15:43:15.158+0700 INFO Initialized JPA EntityManagerFactory for persistence unit 'default'
2024-05-01T15:43:15.408+0700 WARN Exception encountered during context initialization - cancelling refresh attempt: org.springframework.beans.factory.UnsatisfiedDependencyException: Error creating bean with name 'backfillWellCalendarController' defined in file [E:\MyJob\calendar_api\target\classes\ru\tomsknipineft\controllers\BackfillWellCalendarController.class]: Unsatisfied dependency expressed through constructor parameter 0: Error creating bean with name 'backfillWellGroupCalendarServiceImpl' defined in file [E:\MyJob\calendar_api\target\classes\ru\tomsknipineft\services\BackfillWellGroupCalendarServiceImpl.class]: Unsatisfied dependency expressed through constructor parameter 0: Error creating bean with name 'calendarService' defined in file [E:\MyJob\calendar_api\target\classes\ru\tomsknipineft\services\CalendarService.class]: Unsatisfied dependency expressed through constructor parameter 2: No qualifying bean of type 'ru.tomsknipineft.services.GroupObjectCalendarService' available: expected single matching bean but found 3: backfillWellGroupCalendarServiceImpl,linearLineGroupCalendarServiceImpl,linearPipelineGroupCalendarServiceImpl
2024-05-01T15:43:15.408+0700 INFO Closing JPA EntityManagerFactory for persistence unit 'default'
2024-05-01T15:43:15.424+0700 WARN Invocation of destroy method failed on bean with name 'inMemoryDatabaseShutdownExecutor': org.h2.jdbc.JdbcSQLNonTransientConnectionException: База данных уже закрыта (чтобы отключить автоматическое закрытие базы данных при останове JVM, добавьте ";DB_CLOSE_ON_EXIT=FALSE" в URL)
Database is already closed (to disable automatic closing at VM shutdown, add ";DB_CLOSE_ON_EXIT=FALSE" to the db URL) [90121-224]
2024-05-01T15:43:15.424+0700 INFO HikariPool-1 - Shutdown initiated...
2024-05-01T15:43:15.424+0700 INFO HikariPool-1 - Shutdown completed.
2024-05-01T15:43:15.424+0700 INFO Stopping service [Tomcat]
2024-05-01T15:43:15.439+0700 INFO 

Error starting ApplicationContext. To display the condition evaluation report re-run your application with 'debug' enabled.
2024-05-01T15:43:15.455+0700 ERROR 

***************************
APPLICATION FAILED TO START
***************************

Description:

Parameter 2 of constructor in ru.tomsknipineft.services.CalendarService required a single bean, but 3 were found:
	- backfillWellGroupCalendarServiceImpl: defined in file [E:\MyJob\calendar_api\target\classes\ru\tomsknipineft\services\BackfillWellGroupCalendarServiceImpl.class]
	- linearLineGroupCalendarServiceImpl: defined in file [E:\MyJob\calendar_api\target\classes\ru\tomsknipineft\services\LinearLineGroupCalendarServiceImpl.class]
	- linearPipelineGroupCalendarServiceImpl: defined in file [E:\MyJob\calendar_api\target\classes\ru\tomsknipineft\services\LinearPipelineGroupCalendarServiceImpl.class]

This may be due to missing parameter name information

Action:

Consider marking one of the beans as @Primary, updating the consumer to accept multiple beans, or using @Qualifier to identify the bean that should be consumed

Ensure that your compiler is configured to use the '-parameters' flag.
You may need to update both your build tool settings as well as your IDE.
(See https://github.com/spring-projects/spring-framework/wiki/Upgrading-to-Spring-Framework-6.x#parameter-name-retention)


