2024-04-09T23:09:28.051+0700 INFO Could not detect default configuration classes for test class [ru.tomsknipineft.CalendarServiceTest]: CalendarServiceTest does not declare any static, non-private, non-final, nested classes annotated with @Configuration.
2024-04-09T23:09:28.150+0700 INFO Found @SpringBootConfiguration ru.tomsknipineft.Main for test class ru.tomsknipineft.CalendarServiceTest
2024-04-09T23:09:28.311+0700 INFO Restart disabled due to context in which it is running
2024-04-09T23:09:28.551+0700 INFO HV000001: Hibernate Validator 8.0.1.Final
2024-04-09T23:09:28.570+0700 INFO Starting CalendarServiceTest using Java 19.0.1 with PID 14660 (started by Тагир in E:\MyJob\calendar_api)
2024-04-09T23:09:28.581+0700 INFO No active profile set, falling back to 1 default profile: "default"
2024-04-09T23:09:30.170+0700 INFO Bootstrapping Spring Data JPA repositories in DEFAULT mode.
2024-04-09T23:09:30.260+0700 INFO Finished Spring Data repository scanning in 76 ms. Found 10 JPA repository interfaces.
2024-04-09T23:09:31.211+0700 INFO HikariPool-1 - Starting...
2024-04-09T23:09:31.491+0700 INFO HikariPool-1 - Added connection conn0: url=jdbc:h2:mem:testdb user=SA
2024-04-09T23:09:31.501+0700 INFO HikariPool-1 - Start completed.
2024-04-09T23:09:31.581+0700 INFO HHH000204: Processing PersistenceUnitInfo [name: default]
2024-04-09T23:09:31.721+0700 INFO HHH000412: Hibernate ORM core version 6.4.1.Final
2024-04-09T23:09:31.791+0700 INFO HHH000026: Second-level cache disabled
2024-04-09T23:09:32.040+0700 INFO No LoadTimeWeaver setup: ignoring JPA class transformer
2024-04-09T23:09:32.081+0700 WARN HHH90000025: H2Dialect does not need to be specified explicitly using 'hibernate.dialect' (remove the property setting and it will be selected by default)
2024-04-09T23:09:33.251+0700 INFO HHH000489: No JTA platform available (set 'hibernate.transaction.jta.platform' to enable JTA platform integration)
2024-04-09T23:09:33.300+0700 INFO Initialized JPA EntityManagerFactory for persistence unit 'default'
2024-04-09T23:09:34.961+0700 WARN spring.jpa.open-in-view is enabled by default. Therefore, database queries may be performed during view rendering. Explicitly configure spring.jpa.open-in-view to disable this warning
2024-04-09T23:09:35.011+0700 INFO Adding welcome page template: index
2024-04-09T23:09:36.071+0700 INFO H2 console available at '/h2-console'. Database available at 'jdbc:h2:mem:testdb'
2024-04-09T23:09:36.250+0700 INFO Started CalendarServiceTest in 7.959 seconds (process running for 9.72)
2024-04-09T23:09:37.831+0700 INFO Closing JPA EntityManagerFactory for persistence unit 'default'
2024-04-09T23:09:37.850+0700 INFO HikariPool-1 - Shutdown initiated...
2024-04-09T23:09:37.860+0700 INFO HikariPool-1 - Shutdown completed.
