2024-04-09T22:59:39.035+0700 INFO Could not detect default configuration classes for test class [ru.tomsknipineft.BackFillWellCalendarServiceTest]: CalendarServiceTest does not declare any static, non-private, non-final, nested classes annotated with @Configuration.
2024-04-09T22:59:39.125+0700 INFO Found @SpringBootConfiguration ru.tomsknipineft.Main for test class ru.tomsknipineft.BackFillWellCalendarServiceTest
2024-04-09T22:59:39.285+0700 INFO Restart disabled due to context in which it is running
2024-04-09T22:59:39.525+0700 INFO HV000001: Hibernate Validator 8.0.1.Final
2024-04-09T22:59:39.565+0700 INFO Starting CalendarServiceTest using Java 19.0.1 with PID 12416 (started by Тагир in E:\MyJob\calendar_api)
2024-04-09T22:59:39.575+0700 INFO No active profile set, falling back to 1 default profile: "default"
2024-04-09T22:59:41.265+0700 INFO Bootstrapping Spring Data JPA repositories in DEFAULT mode.
2024-04-09T22:59:41.385+0700 INFO Finished Spring Data repository scanning in 105 ms. Found 10 JPA repository interfaces.
2024-04-09T22:59:42.445+0700 INFO HikariPool-1 - Starting...
2024-04-09T22:59:42.710+0700 INFO HikariPool-1 - Added connection conn0: url=jdbc:h2:mem:testdb user=SA
2024-04-09T22:59:42.715+0700 INFO HikariPool-1 - Start completed.
2024-04-09T22:59:42.835+0700 INFO HHH000204: Processing PersistenceUnitInfo [name: default]
2024-04-09T22:59:42.945+0700 INFO HHH000412: Hibernate ORM core version 6.4.1.Final
2024-04-09T22:59:43.000+0700 INFO HHH000026: Second-level cache disabled
2024-04-09T22:59:43.215+0700 INFO No LoadTimeWeaver setup: ignoring JPA class transformer
2024-04-09T22:59:43.255+0700 WARN HHH90000025: H2Dialect does not need to be specified explicitly using 'hibernate.dialect' (remove the property setting and it will be selected by default)
2024-04-09T22:59:44.555+0700 INFO HHH000489: No JTA platform available (set 'hibernate.transaction.jta.platform' to enable JTA platform integration)
2024-04-09T22:59:44.595+0700 INFO Initialized JPA EntityManagerFactory for persistence unit 'default'
2024-04-09T22:59:46.295+0700 WARN spring.jpa.open-in-view is enabled by default. Therefore, database queries may be performed during view rendering. Explicitly configure spring.jpa.open-in-view to disable this warning
2024-04-09T22:59:46.355+0700 INFO Adding welcome page template: index
2024-04-09T22:59:47.390+0700 INFO H2 console available at '/h2-console'. Database available at 'jdbc:h2:mem:testdb'
2024-04-09T22:59:47.565+0700 INFO Started CalendarServiceTest in 8.3 seconds (process running for 10.138)
2024-04-09T22:59:49.305+0700 INFO Closing JPA EntityManagerFactory for persistence unit 'default'
2024-04-09T22:59:49.335+0700 INFO HikariPool-1 - Shutdown initiated...
2024-04-09T22:59:49.345+0700 INFO HikariPool-1 - Shutdown completed.
